<?xml version="1.0" encoding="UTF-8"?>
<testsuites name="TS_SmokeTest_E2E_LeedOnline" time="81" tests="1" failures="0" errors="0">
   <testsuite name="TS_SmokeTest_E2E_LeedOnline" tests="1" failures="0" errors="0" time="81" timestamp="2019-03-05 21:13:05" hostname="Promantus Inc - G10PROLT021" id="Test Suites/SmokeTest/TS_SmokeTest_E2E_LeedOnline">
      <properties>
         <property name="deviceName" value=""/>
         <property name="devicePlatform" value=""/>
         <property name="logFolder" value="G:\\Sabareesh\\Usgbc_GitProjects\\Usgbc_LeedOnline\\Usgbc_LeedOnline\\Reports\\SmokeTest\\TS_SmokeTest_E2E_LeedOnline\\20190305_211251"/>
         <property name="logFiles" value="G:\\Sabareesh\\Usgbc_GitProjects\\Usgbc_LeedOnline\\Usgbc_LeedOnline\\Reports\\SmokeTest\\TS_SmokeTest_E2E_LeedOnline\\20190305_211251\\execution0.log"/>
         <property name="attachments" value=""/>
         <property name="hostName" value="Promantus Inc - G10PROLT021"/>
         <property name="os" value="Windows 10 64bit"/>
         <property name="katalonVersion" value="6.0.5.4"/>
         <property name="browser" value="Chrome 72.0.3626.119"/>
         <property name="hostAddress" value="192.168.0.105"/>
         <property name="sessionId" value="36973f2033c246450e4533b87fbbe91d"/>
         <property name="seleniumVersion" value="3.7.1"/>
         <property name="proxyInformation" value="ProxyInformation{proxyOption=NO_PROXY, proxyServerType=HTTP, password=, proxyServerAddress=, proxyServerPort=0}"/>
         <property name="platform" value="Windows 10"/>
      </properties>
      <testcase name="Test Cases/SmokeTest/TC_Campus_Registration" classname="Test Cases/SmokeTest/TC_Campus_Registration" status="PASSED">
         <system-out><![CDATA[2019-03-05 21:13:06 - [TEST_CASE][PASSED] - Test Cases/SmokeTest/TC_Campus_Registration: Test Cases/SmokeTest/TC_Campus_Registration

2019-03-05 21:13:06 - [TEST_STEP][PASSED] - runWithCucumberRunner(testRunner.CampusRegistrationRunner): Run with 'testRunner.CampusRegistrationRunner' was passed

2019-03-05 21:13:12 - [MESSAGE][INFO] - Starting 'Chrome' driver

2019-03-05 21:13:12 - [MESSAGE][INFO] - Action delay is set to 0 seconds

2019-03-05 21:13:23 - [MESSAGE][PASSED] - Browser is opened with url: ''

2019-03-05 21:13:24 - [MESSAGE][PASSED] - Current window maximized

2019-03-05 21:13:28 - [MESSAGE][PASSED] - Navigate to 'https://leedonline-stg.usgbc.org' successfully

2019-03-05 21:13:30 - [MESSAGE][PASSED] - Delayed 2 second(s)

2019-03-05 21:13:31 - [MESSAGE][PASSED] - Text 'jaypeejay@hotmail.com' is set on object 'Object Repository/Project_Registration/Page_LEED Online/input_Log username'

2019-03-05 21:13:31 - [MESSAGE][PASSED] - Text 'initpass' is set on object 'Object Repository/Project_Registration/Page_LEED Online/input_Log password'

2019-03-05 21:13:34 - [MESSAGE][PASSED] - Delayed 3 second(s)

2019-03-05 21:13:35 - [MESSAGE][WARNING] - Timeout '0' is invalid. Using default page load timeout: '30'

2019-03-05 21:13:35 - [MESSAGE][PASSED] - Scroll to object 'Object Repository/Project_Registration/Page_LEED Online/span_End User License Agreemen' successfully

2019-03-05 21:13:35 - [MESSAGE][PASSED] - Object 'Object Repository/Project_Registration/Page_LEED Online/span_End User License Agreemen' is checked

2019-03-05 21:13:37 - [MESSAGE][PASSED] - Delayed 2 second(s)

2019-03-05 21:13:37 - [MESSAGE][PASSED] - Object: 'Object Repository/Project_Registration/Page_LEED Online/button_Log In' is clicked on

2019-03-05 21:13:44 - [MESSAGE][PASSED] - Object: 'Object Repository/Campus_Registration/createcampus/Page_LEED Online/a_Campuses' is clicked on

2019-03-05 21:13:46 - [MESSAGE][PASSED] - Delayed 2 second(s)

2019-03-05 21:13:49 - [MESSAGE][PASSED] - Object: 'Object Repository/Campus_Registration/createcampus/Page_LEED Online/a_Create new campus' is clicked on

2019-03-05 21:13:52 - [MESSAGE][PASSED] - Delayed 3 second(s)

2019-03-05 21:13:52 - [MESSAGE][PASSED] - Scroll to object 'Object Repository/Campus_Registration/LEED_log/LEED_campusReg/Page_LEED Online/input_Name_name' successfully

2019-03-05 21:13:52 - [MESSAGE][PASSED] - Text 'TestProjectcampus12' is set on object 'Object Repository/Campus_Registration/LEED_log/LEED_campusReg/Page_LEED Online/input_Name_name'

2019-03-05 21:13:54 - [MESSAGE][PASSED] - Text 'JOHN J NOLIS ARCHITECTURE AND INTERIORS' is set on object 'Object Repository/Campus_Registration/LEED_log/LEED_campusReg/Page_LEED Online/input_Owner_organization'

2019-03-05 21:13:56 - [MESSAGE][PASSED] - Delayed 2 second(s)

2019-03-05 21:13:57 - [MESSAGE][PASSED] - Text '123456789' is set on object 'Object Repository/Campus_Registration/LEED_log/LEED_campusReg/Page_LEED Online/input_concat(Owner  s Represen'

2019-03-05 21:13:57 - [MESSAGE][PASSED] - All options with value 'Educational: College, Private' are selected in object 'Object Repository/Campus_Registration/LEED_camRegtc/Page_LEED Online/select_Select owner typeBusine'  using regular expression

2019-03-05 21:14:02 - [MESSAGE][PASSED] - All options with value 'US' are selected in object 'Object Repository/Campus_Registration/LEED_camRegtc/leedcampus/Page_LEED Online/select_AfghanistanAland Island'  using regular expression

2019-03-05 21:14:03 - [MESSAGE][PASSED] - Text 'testleed@campus.com' is set on object 'Object Repository/Campus_Registration/LEED_log/LEED_campusReg/Page_LEED Online/input_Email_email'

2019-03-05 21:14:03 - [MESSAGE][PASSED] - Text '795' is set on object 'Object Repository/Campus_Registration/LEED_log/LEED_campusReg/Page_LEED Online/input_Address 1_address1'

2019-03-05 21:14:03 - [MESSAGE][PASSED] - Text 'E DRAGRAM' is set on object 'Object Repository/Campus_Registration/LEED_log/LEED_campusReg/Page_LEED Online/input_Address 2_address2'

2019-03-05 21:14:03 - [MESSAGE][PASSED] - Text 'TUCSON' is set on object 'Object Repository/Campus_Registration/LEED_log/LEED_campusReg/Page_LEED Online/input_City_city'

2019-03-05 21:14:08 - [MESSAGE][PASSED] - All options with value 'US' are selected in object 'Object Repository/Campus_Registration/LEED_camRegtc/leedcampus/Page_LEED Online/select_AfghanistanAland Island_2'  using regular expression

2019-03-05 21:14:09 - [MESSAGE][PASSED] - All options with value 'AK ' are selected in object 'Object Repository/Campus_Registration/LEED_camRegtc/leedcampus/Page_LEED Online/select_AlabamaAlaskaAmerican S'  using regular expression

2019-03-05 21:14:10 - [MESSAGE][PASSED] - Text '98104' is set on object 'Object Repository/Campus_Registration/LEED_log/LEED_campusReg/Page_LEED Online/input_Postal code 1_postalcode'

2019-03-05 21:14:11 - [MESSAGE][PASSED] - Object: 'Object Repository/Campus_Registration/LEED_camRegtc/leedcampus/Page_LEED Online/input_Postal code 3_fActionsSu' is clicked on

2019-03-05 21:14:16 - [MESSAGE][PASSED] - Delayed 5 second(s)

2019-03-05 21:14:16 - [MESSAGE][PASSED] - Keys 'END + ' sent to object: 'Object Repository/Project_Registration/agrrement verifi/Page_LEED Online/iframe'

2019-03-05 21:14:18 - [MESSAGE][PASSED] - Delayed 2 second(s)

2019-03-05 21:14:18 - [MESSAGE][PASSED] - Keys 'HOME + ' sent to object: 'Object Repository/Project_Registration/agrrement verifi/Page_LEED Online/iframe'

2019-03-05 21:14:20 - [MESSAGE][PASSED] - Delayed 2 second(s)

2019-03-05 21:14:21 - [MESSAGE][PASSED] - Keys 'END + ' sent to object: 'Object Repository/Project_Registration/agrrement verifi/Page_LEED Online/iframe'

2019-03-05 21:14:23 - [MESSAGE][PASSED] - Delayed 2 second(s)

2019-03-05 21:14:23 - [MESSAGE][PASSED] - Scroll to object 'Object Repository/Project_Registration/agrrement verifi/Page_LEED Online/button_I AGREE' successfully

2019-03-05 21:14:25 - [MESSAGE][PASSED] - Delayed 2 second(s)

2019-03-05 21:14:25 - [MESSAGE][PASSED] - Object: 'Object Repository/Project_Registration/agrrement verifi/Page_LEED Online/button_I AGREE' is clicked on

2019-03-05 21:14:26 - [MESSAGE][PASSED] - Run with 'testRunner.CampusRegistrationRunner' was passed]]></system-out>
         <system-err><![CDATA[]]></system-err>
      </testcase>
      <system-out><![CDATA[2019-03-05 21:13:05 - [TEST_SUITE][PASSED] - TS_SmokeTest_E2E_LeedOnline: Test Cases/SmokeTest/TC_Campus_Registration]]></system-out>
      <system-err><![CDATA[]]></system-err>
   </testsuite>
</testsuites>
